# JRE version: OpenJDK Runtime Environment (8.0_242) (build 1.8.0_242-release-1644-b3-6222593)
# Java VM: OpenJDK 64-Bit Server VM (25.242-b3-6222593 mixed mode linux-amd64 compressed oops)
Heap:
 PSYoungGen      total 329728K, used 53229K [0x00000000e0000000, 0x00000000f7600000, 0x0000000100000000)
  eden space 276480K, 0% used [0x00000000e0000000,0x00000000e0000000,0x00000000f0e00000)
  from space 53248K, 99% used [0x00000000f0e00000,0x00000000f41fb418,0x00000000f4200000)
  to   space 45056K, 0% used [0x00000000f4a00000,0x00000000f4a00000,0x00000000f7600000)
 ParOldGen       total 172544K, used 172438K [0x00000000a0000000, 0x00000000aa880000, 0x00000000e0000000)
  object space 172544K, 99% used [0x00000000a0000000,0x00000000aa865a50,0x00000000aa880000)
 Metaspace       used 93308K, capacity 97118K, committed 97408K, reserved 1134592K
  class space    used 12360K, capacity 13100K, committed 13184K, reserved 1048576K
GC Heap History (10 events):
Event: 32.391 GC heap after
Heap after GC invocations=22 (full 3):
 PSYoungGen      total 252928K, used 29691K [0x00000000e0000000, 0x00000000f4980000, 0x0000000100000000)
  eden space 223232K, 0% used [0x00000000e0000000,0x00000000e0000000,0x00000000eda00000)
  from space 29696K, 99% used [0x00000000eda00000,0x00000000ef6fee58,0x00000000ef700000)
  to   space 40448K, 0% used [0x00000000f2200000,0x00000000f2200000,0x00000000f4980000)
 ParOldGen       total 80896K, used 69233K [0x00000000a0000000, 0x00000000a4f00000, 0x00000000e0000000)
  object space 80896K, 85% used [0x00000000a0000000,0x00000000a439c598,0x00000000a4f00000)
 Metaspace       used 84342K, capacity 87606K, committed 87680K, reserved 1124352K
  class space    used 11421K, capacity 12102K, committed 12160K, reserved 1048576K
}
Event: 32.391 GC heap before
{Heap before GC invocations=23 (full 4):
 PSYoungGen      total 252928K, used 29691K [0x00000000e0000000, 0x00000000f4980000, 0x0000000100000000)
  eden space 223232K, 0% used [0x00000000e0000000,0x00000000e0000000,0x00000000eda00000)
  from space 29696K, 99% used [0x00000000eda00000,0x00000000ef6fee58,0x00000000ef700000)
  to   space 40448K, 0% used [0x00000000f2200000,0x00000000f2200000,0x00000000f4980000)
 ParOldGen       total 80896K, used 69233K [0x00000000a0000000, 0x00000000a4f00000, 0x00000000e0000000)
  object space 80896K, 85% used [0x00000000a0000000,0x00000000a439c598,0x00000000a4f00000)
 Metaspace       used 84342K, capacity 87606K, committed 87680K, reserved 1124352K
  class space    used 11421K, capacity 12102K, committed 12160K, reserved 1048576K
Event: 32.885 GC heap after
Heap after GC invocations=23 (full 4):
 PSYoungGen      total 252928K, used 6375K [0x00000000e0000000, 0x00000000f4980000, 0x0000000100000000)
  eden space 223232K, 0% used [0x00000000e0000000,0x00000000e0000000,0x00000000eda00000)
  from space 29696K, 21% used [0x00000000eda00000,0x00000000ee039ee0,0x00000000ef700000)
  to   space 40448K, 0% used [0x00000000f2200000,0x00000000f2200000,0x00000000f4980000)
 ParOldGen       total 156160K, used 80454K [0x00000000a0000000, 0x00000000a9880000, 0x00000000e0000000)
  object space 156160K, 51% used [0x00000000a0000000,0x00000000a4e919d8,0x00000000a9880000)
 Metaspace       used 84176K, capacity 87204K, committed 87680K, reserved 1124352K
  class space    used 11361K, capacity 11997K, committed 12160K, reserved 1048576K
}
Event: 35.427 GC heap before
{Heap before GC invocations=24 (full 4):
 PSYoungGen      total 252928K, used 229380K [0x00000000e0000000, 0x00000000f4980000, 0x0000000100000000)
  eden space 223232K, 99% used [0x00000000e0000000,0x00000000ed9c7510,0x00000000eda00000)
  from space 29696K, 21% used [0x00000000eda00000,0x00000000ee039ee0,0x00000000ef700000)
  to   space 40448K, 0% used [0x00000000f2200000,0x00000000f2200000,0x00000000f4980000)
 ParOldGen       total 156160K, used 80454K [0x00000000a0000000, 0x00000000a9880000, 0x00000000e0000000)
  object space 156160K, 51% used [0x00000000a0000000,0x00000000a4e919d8,0x00000000a9880000)
 Metaspace       used 86237K, capacity 89684K, committed 89984K, reserved 1126400K
  class space    used 11634K, capacity 12321K, committed 12416K, reserved 1048576K
Event: 35.553 GC heap after
Heap after GC invocations=24 (full 4):
 PSYoungGen      total 279552K, used 40433K [0x00000000e0000000, 0x00000000f7180000, 0x0000000100000000)
  eden space 239104K, 0% used [0x00000000e0000000,0x00000000e0000000,0x00000000ee980000)
  from space 40448K, 99% used [0x00000000f2200000,0x00000000f497c5d0,0x00000000f4980000)
  to   space 57856K, 0% used [0x00000000ee980000,0x00000000ee980000,0x00000000f2200000)
 ParOldGen       total 156160K, used 109514K [0x00000000a0000000, 0x00000000a9880000, 0x00000000e0000000)
  object space 156160K, 70% used [0x00000000a0000000,0x00000000a6af2bc0,0x00000000a9880000)
 Metaspace       used 86237K, capacity 89684K, committed 89984K, reserved 1126400K
  class space    used 11634K, capacity 12321K, committed 12416K, reserved 1048576K
}
Event: 38.695 GC heap before
{Heap before GC invocations=25 (full 4):
 PSYoungGen      total 279552K, used 279537K [0x00000000e0000000, 0x00000000f7180000, 0x0000000100000000)
  eden space 239104K, 100% used [0x00000000e0000000,0x00000000ee980000,0x00000000ee980000)
  from space 40448K, 99% used [0x00000000f2200000,0x00000000f497c5d0,0x00000000f4980000)
  to   space 57856K, 0% used [0x00000000ee980000,0x00000000ee980000,0x00000000f2200000)
 ParOldGen       total 156160K, used 109514K [0x00000000a0000000, 0x00000000a9880000, 0x00000000e0000000)
  object space 156160K, 70% used [0x00000000a0000000,0x00000000a6af2bc0,0x00000000a9880000)
 Metaspace       used 90097K, capacity 93812K, committed 93952K, reserved 1130496K
  class space    used 12201K, capacity 12941K, committed 13056K, reserved 1048576K
Event: 38.800 GC heap after
Heap after GC invocations=25 (full 4):
 PSYoungGen      total 296960K, used 14146K [0x00000000e0000000, 0x00000000f8000000, 0x0000000100000000)
  eden space 239104K, 0% used [0x00000000e0000000,0x00000000e0000000,0x00000000ee980000)
  from space 57856K, 24% used [0x00000000ee980000,0x00000000ef7508d8,0x00000000f2200000)
  to   space 55296K, 0% used [0x00000000f4a00000,0x00000000f4a00000,0x00000000f8000000)
 ParOldGen       total 156160K, used 128664K [0x00000000a0000000, 0x00000000a9880000, 0x00000000e0000000)
  object space 156160K, 82% used [0x00000000a0000000,0x00000000a7da61f0,0x00000000a9880000)
 Metaspace       used 90097K, capacity 93812K, committed 93952K, reserved 1130496K
  class space    used 12201K, capacity 12941K, committed 13056K, reserved 1048576K
}
Event: 353.260 GC heap before
{Heap before GC invocations=26 (full 4):
 PSYoungGen      total 296960K, used 253250K [0x00000000e0000000, 0x00000000f8000000, 0x0000000100000000)
  eden space 239104K, 100% used [0x00000000e0000000,0x00000000ee980000,0x00000000ee980000)
  from space 57856K, 24% used [0x00000000ee980000,0x00000000ef7508d8,0x00000000f2200000)
  to   space 55296K, 0% used [0x00000000f4a00000,0x00000000f4a00000,0x00000000f8000000)
 ParOldGen       total 156160K, used 128664K [0x00000000a0000000, 0x00000000a9880000, 0x00000000e0000000)
  object space 156160K, 82% used [0x00000000a0000000,0x00000000a7da61f0,0x00000000a9880000)
 Metaspace       used 93132K, capacity 96858K, committed 97152K, reserved 1132544K
  class space    used 12354K, capacity 13090K, committed 13184K, reserved 1048576K
Event: 353.651 GC heap after
Heap after GC invocations=26 (full 4):
 PSYoungGen      total 321536K, used 24017K [0x00000000e0000000, 0x00000000f7600000, 0x0000000100000000)
  eden space 276480K, 0% used [0x00000000e0000000,0x00000000e0000000,0x00000000f0e00000)
  from space 45056K, 53% used [0x00000000f4a00000,0x00000000f6174548,0x00000000f7600000)
  to   space 53248K, 0% used [0x00000000f0e00000,0x00000000f0e00000,0x00000000f4200000)
 ParOldGen       total 156160K, used 128672K [0x00000000a0000000, 0x00000000a9880000, 0x00000000e0000000)
  object space 156160K, 82% used [0x00000000a0000000,0x00000000a7da81f0,0x00000000a9880000)
 Metaspace       used 93132K, capacity 96858K, committed 97152K, reserved 1132544K
  class space    used 12354K, capacity 13090K, committed 13184K, reserved 1048576K
}
Event: 359.606 GC heap before
{Heap before GC invocations=27 (full 4):
 PSYoungGen      total 321536K, used 300497K [0x00000000e0000000, 0x00000000f7600000, 0x0000000100000000)
  eden space 276480K, 100% used [0x00000000e0000000,0x00000000f0e00000,0x00000000f0e00000)
  from space 45056K, 53% used [0x00000000f4a00000,0x00000000f6174548,0x00000000f7600000)
  to   space 53248K, 0% used [0x00000000f0e00000,0x00000000f0e00000,0x00000000f4200000)
 ParOldGen       total 156160K, used 128672K [0x00000000a0000000, 0x00000000a9880000, 0x00000000e0000000)
  object space 156160K, 82% used [0x00000000a0000000,0x00000000a7da81f0,0x00000000a9880000)
 Metaspace       used 93308K, capacity 97118K, committed 97408K, reserved 1134592K
  class space    used 12360K, capacity 13100K, committed 13184K, reserved 1048576K

